Using pre-set license
Built from '2020.3/staging' branch; Version is '2020.3.8f1 (507919d4fff5) revision 5273881'; Using compiler version '192528614'; Build Type 'Release'
OS: 'Windows 10 Home Single Language; OS build 19043.1466; Version 2009; 64bit' Language: 'en' Physical Memory: 24427 MB
BatchMode: 1, IsHumanControllingUs: 0, StartBugReporterOnCrash: 0, Is64bit: 1, IsPro: 0

 COMMAND LINE ARGUMENTS:
C:\Program Files (x86)\Unity\2020.3.8f1\Editor\Unity.exe
-adb2
-batchMode
-noUpm
-name
AssetImportWorker0
-projectPath
D:/Unity Projects/VFTC-field-Freight-Frenzy-Classpack
-logFile
Logs/AssetImportWorker0.log
-srvPort
59870
Successfully changed project path to: D:/Unity Projects/VFTC-field-Freight-Frenzy-Classpack
D:/Unity Projects/VFTC-field-Freight-Frenzy-Classpack
Using Asset Import Pipeline V2.
Refreshing native plugins compatible for Editor in 168.61 ms, found 5 plugins.
Preloading 1 native plugins for Editor in 0.86 ms.
Initialize engine version: 2020.3.8f1 (507919d4fff5)
[Subsystems] Discovering subsystems at path C:/Program Files (x86)/Unity/2020.3.8f1/Editor/Data/Resources/UnitySubsystems
[Subsystems] Discovering subsystems at path D:/Unity Projects/VFTC-field-Freight-Frenzy-Classpack/Assets
GfxDevice: creating device client; threaded=0
Direct3D:
    Version:  Direct3D 11.0 [level 11.1]
    Renderer: NVIDIA GeForce GTX 1650 (ID=0x1f91)
    Vendor:   
    VRAM:     3962 MB
    Driver:   30.0.15.1123
Shader 'Universal Render Pipeline/Particles/Lit': fallback shader 'Universal Render Pipeline/Particles/SimpleLit' not found
Shader 'Oculus/OVRMRCameraFrameLit': fallback shader 'Alpha-Diffuse' not found
Initialize mono
Mono path[0] = 'C:/Program Files (x86)/Unity/2020.3.8f1/Editor/Data/Managed'
Mono path[1] = 'C:/Program Files (x86)/Unity/2020.3.8f1/Editor/Data/MonoBleedingEdge/lib/mono/unityjit'
Mono config path = 'C:/Program Files (x86)/Unity/2020.3.8f1/Editor/Data/MonoBleedingEdge/etc'
Using monoOptions --debugger-agent=transport=dt_socket,embedding=1,server=y,suspend=n,address=127.0.0.1:56244
Begin MonoManager ReloadAssembly
Registering precompiled unity dll's ...
Register platform support module: C:/Program Files (x86)/Unity/2020.3.8f1/Editor/Data/PlaybackEngines/WebGLSupport/UnityEditor.WebGL.Extensions.dll
Register platform support module: C:/Program Files (x86)/Unity/2020.3.8f1/Editor/Data/PlaybackEngines/WindowsStandaloneSupport/UnityEditor.WindowsStandalone.Extensions.dll
Registered in 0.002829 seconds.
Native extension for WindowsStandalone target not found
Native extension for WebGL target not found
Refreshing native plugins compatible for Editor in 156.86 ms, found 5 plugins.
Preloading 1 native plugins for Editor in 0.05 ms.
Mono: successfully reloaded assembly
- Completed reload, in  1.163 seconds
Platform modules already initialized, skipping
Registering precompiled user dll's ...
Registered in 0.008300 seconds.
Begin MonoManager ReloadAssembly
Native extension for WindowsStandalone target not found
Native extension for WebGL target not found
Refreshing native plugins compatible for Editor in 156.57 ms, found 5 plugins.
Preloading 1 native plugins for Editor in 0.06 ms.
Mono: successfully reloaded assembly
- Completed reload, in  1.546 seconds
Platform modules already initialized, skipping
========================================================================
Worker process is ready to serve import requests
Shader 'Universal Render Pipeline/Particles/Lit': fallback shader 'Universal Render Pipeline/Particles/SimpleLit' not found
Shader 'Oculus/OVRMRCameraFrameLit': fallback shader 'Alpha-Diffuse' not found
Launched and connected shader compiler UnityShaderCompiler.exe after 0.05 seconds
Refreshing native plugins compatible for Editor in 2.01 ms, found 5 plugins.
Preloading 1 native plugins for Editor in 0.08 ms.
Unloading 5771 Unused Serialized files (Serialized files now loaded: 0)
System memory in use before: 275.4 MB.
System memory in use after: 275.2 MB.

Unloading 127 unused Assets to reduce memory usage. Loaded Objects now: 6110.
Total: 6.410400 ms (FindLiveObjects: 0.806000 ms CreateObjectMapping: 0.517600 ms MarkObjects: 4.200700 ms  DeleteObjects: 0.882100 ms)

========================================================================
Received Import Request.
  path: Assets/CAD/2021/decimatedFreightFrenzyBotSim.blend
  artifactKey: Guid(fa1afa90ea45d8b45a3827a254f080b5) Importer(815301076,1909f56bfc062723c751e8b465ee728b)
Start importing Assets/CAD/2021/decimatedFreightFrenzyBotSim.blend using Guid(fa1afa90ea45d8b45a3827a254f080b5) Importer(815301076,1909f56bfc062723c751e8b465ee728b)  -> (artifact id: 'd71a29ea3723b0a8e6c0fe22deb1f495') in 0.905395 seconds
  Import took 0.924023 seconds .

========================================================================
Received Import Request.
  Time since last request: 23.745427 seconds.
  path: Assets/joint shipping hubs v4.fbx
  artifactKey: Guid(2f9a47e89826b75498ce4656e06e0564) Importer(815301076,1909f56bfc062723c751e8b465ee728b)
Start importing Assets/joint shipping hubs v4.fbx using Guid(2f9a47e89826b75498ce4656e06e0564) Importer(815301076,1909f56bfc062723c751e8b465ee728b)  -> (artifact id: 'df03b180229d5f63e6d62a83875f08de') in 0.209679 seconds
  Import took 0.227006 seconds .

========================================================================
Received Import Request.
  Time since last request: 0.000825 seconds.
  path: Assets/time.png
  artifactKey: Guid(43989da6e79a30f4d9a7db489962ce0e) Importer(815301076,1909f56bfc062723c751e8b465ee728b)
Start importing Assets/time.png using Guid(43989da6e79a30f4d9a7db489962ce0e) Importer(815301076,1909f56bfc062723c751e8b465ee728b)  -> (artifact id: '81281ae0536d6265ec79ab5f97bb39dd') in 0.076477 seconds
  Import took 0.091335 seconds .

========================================================================
Received Import Request.
  Time since last request: 0.000664 seconds.
  path: Assets/joint shipping hubs v4.fbx
  artifactKey: Guid(2f9a47e89826b75498ce4656e06e0564) Importer(815301076,1909f56bfc062723c751e8b465ee728b)
Start importing Assets/joint shipping hubs v4.fbx using Guid(2f9a47e89826b75498ce4656e06e0564) Importer(815301076,1909f56bfc062723c751e8b465ee728b)  -> (artifact id: 'df03b180229d5f63e6d62a83875f08de') in 0.108683 seconds
  Import took 0.245123 seconds .

========================================================================
Received Import Request.
  Time since last request: 0.000883 seconds.
  path: Assets/time.png
  artifactKey: Guid(43989da6e79a30f4d9a7db489962ce0e) Importer(815301076,1909f56bfc062723c751e8b465ee728b)
Start importing Assets/time.png using Guid(43989da6e79a30f4d9a7db489962ce0e) Importer(815301076,1909f56bfc062723c751e8b465ee728b)  -> (artifact id: '81281ae0536d6265ec79ab5f97bb39dd') in 0.011694 seconds
  Import took 0.026000 seconds .

========================================================================
Received Import Request.
  Time since last request: 0.000675 seconds.
  path: Assets/UI_Background.png
  artifactKey: Guid(8b8d64f0cec9e4c9f994909197ec62fa) Importer(815301076,1909f56bfc062723c751e8b465ee728b)
Start importing Assets/UI_Background.png using Guid(8b8d64f0cec9e4c9f994909197ec62fa) Importer(815301076,1909f56bfc062723c751e8b465ee728b)  -> (artifact id: 'b662236014cbac7e3a20b745429c8347') in 0.016451 seconds
  Import took 0.030858 seconds .

========================================================================
Received Prepare
Registering precompiled user dll's ...
Registered in 0.008768 seconds.
Begin MonoManager ReloadAssembly
Native extension for WindowsStandalone target not found
Native extension for WebGL target not found
Refreshing native plugins compatible for Editor in 1.87 ms, found 5 plugins.
Preloading 1 native plugins for Editor in 0.05 ms.
Mono: successfully reloaded assembly
- Completed reload, in  1.488 seconds
Platform modules already initialized, skipping
Shader 'Universal Render Pipeline/Particles/Lit': fallback shader 'Universal Render Pipeline/Particles/SimpleLit' not found
Shader 'Oculus/OVRMRCameraFrameLit': fallback shader 'Alpha-Diffuse' not found
Refreshing native plugins compatible for Editor in 1.70 ms, found 5 plugins.
Preloading 1 native plugins for Editor in 0.06 ms.
Unloading 5466 Unused Serialized files (Serialized files now loaded: 0)
System memory in use before: 258.2 MB.
System memory in use after: 258.1 MB.

Unloading 119 unused Assets to reduce memory usage. Loaded Objects now: 6280.
Total: 4.389700 ms (FindLiveObjects: 0.537200 ms CreateObjectMapping: 0.277800 ms MarkObjects: 3.178400 ms  DeleteObjects: 0.395400 ms)

========================================================================
Received Prepare
Registering precompiled user dll's ...
Registered in 0.009462 seconds.
Begin MonoManager ReloadAssembly
Native extension for WindowsStandalone target not found
Native extension for WebGL target not found
Refreshing native plugins compatible for Editor in 1.56 ms, found 5 plugins.
Preloading 1 native plugins for Editor in 0.05 ms.
Mono: successfully reloaded assembly
- Completed reload, in  1.367 seconds
Platform modules already initialized, skipping
Shader 'Universal Render Pipeline/Particles/Lit': fallback shader 'Universal Render Pipeline/Particles/SimpleLit' not found
Shader 'Oculus/OVRMRCameraFrameLit': fallback shader 'Alpha-Diffuse' not found
Refreshing native plugins compatible for Editor in 1.62 ms, found 5 plugins.
Preloading 1 native plugins for Editor in 0.04 ms.
Unloading 5466 Unused Serialized files (Serialized files now loaded: 0)
System memory in use before: 258.3 MB.
System memory in use after: 258.2 MB.

Unloading 119 unused Assets to reduce memory usage. Loaded Objects now: 6283.
Total: 4.493100 ms (FindLiveObjects: 0.502300 ms CreateObjectMapping: 0.313400 ms MarkObjects: 3.212100 ms  DeleteObjects: 0.464100 ms)

========================================================================
Received Prepare
Registering precompiled user dll's ...
Registered in 0.009670 seconds.
Begin MonoManager ReloadAssembly
Native extension for WindowsStandalone target not found
Native extension for WebGL target not found
Refreshing native plugins compatible for Editor in 1.74 ms, found 5 plugins.
Preloading 1 native plugins for Editor in 0.05 ms.
Mono: successfully reloaded assembly
- Completed reload, in  1.346 seconds
Platform modules already initialized, skipping
Shader 'Universal Render Pipeline/Particles/Lit': fallback shader 'Universal Render Pipeline/Particles/SimpleLit' not found
Shader 'Oculus/OVRMRCameraFrameLit': fallback shader 'Alpha-Diffuse' not found
Refreshing native plugins compatible for Editor in 1.58 ms, found 5 plugins.
Preloading 1 native plugins for Editor in 0.04 ms.
Unloading 5466 Unused Serialized files (Serialized files now loaded: 0)
System memory in use before: 258.3 MB.
System memory in use after: 258.3 MB.

Unloading 119 unused Assets to reduce memory usage. Loaded Objects now: 6286.
Total: 4.334700 ms (FindLiveObjects: 0.519300 ms CreateObjectMapping: 0.265400 ms MarkObjects: 3.117000 ms  DeleteObjects: 0.432100 ms)

========================================================================
Received Prepare
Registering precompiled user dll's ...
Registered in 0.008904 seconds.
Begin MonoManager ReloadAssembly
Native extension for WindowsStandalone target not found
Native extension for WebGL target not found
Refreshing native plugins compatible for Editor in 1.89 ms, found 5 plugins.
Preloading 1 native plugins for Editor in 0.04 ms.
Mono: successfully reloaded assembly
- Completed reload, in  1.353 seconds
Platform modules already initialized, skipping
Shader 'Universal Render Pipeline/Particles/Lit': fallback shader 'Universal Render Pipeline/Particles/SimpleLit' not found
Shader 'Oculus/OVRMRCameraFrameLit': fallback shader 'Alpha-Diffuse' not found
Refreshing native plugins compatible for Editor in 1.62 ms, found 5 plugins.
Preloading 1 native plugins for Editor in 0.06 ms.
Unloading 5466 Unused Serialized files (Serialized files now loaded: 0)
System memory in use before: 258.4 MB.
System memory in use after: 258.3 MB.

Unloading 119 unused Assets to reduce memory usage. Loaded Objects now: 6289.
Total: 5.120200 ms (FindLiveObjects: 0.782100 ms CreateObjectMapping: 0.439700 ms MarkObjects: 3.399400 ms  DeleteObjects: 0.497900 ms)

========================================================================
Received Prepare
Registering precompiled user dll's ...
Registered in 0.009824 seconds.
Begin MonoManager ReloadAssembly
Native extension for WindowsStandalone target not found
Native extension for WebGL target not found
Refreshing native plugins compatible for Editor in 2.18 ms, found 5 plugins.
Preloading 1 native plugins for Editor in 0.06 ms.
Mono: successfully reloaded assembly
- Completed reload, in  1.504 seconds
Platform modules already initialized, skipping
Shader 'Universal Render Pipeline/Particles/Lit': fallback shader 'Universal Render Pipeline/Particles/SimpleLit' not found
Shader 'Oculus/OVRMRCameraFrameLit': fallback shader 'Alpha-Diffuse' not found
Refreshing native plugins compatible for Editor in 1.85 ms, found 5 plugins.
Preloading 1 native plugins for Editor in 0.06 ms.
Unloading 5466 Unused Serialized files (Serialized files now loaded: 0)
System memory in use before: 258.4 MB.
System memory in use after: 258.3 MB.

Unloading 119 unused Assets to reduce memory usage. Loaded Objects now: 6292.
Total: 4.280600 ms (FindLiveObjects: 0.519400 ms CreateObjectMapping: 0.265000 ms MarkObjects: 3.019800 ms  DeleteObjects: 0.475700 ms)

AssetImportWorkerClient::OnTransportError - code=2 error=End of file
